<component name="ArtifactManager">
  <artifact type="exploded-war" name="junit4copy:war exploded">
    <output-path>$PROJECT_DIR$/target/junit4copy</output-path>
    <root id="root">
      <element id="directory" name="WEB-INF">
        <element id="directory" name="classes">
          <element id="module-output" name="junit4copy" />
        </element>
      </element>
      <element id="directory" name="META-INF">
        <element id="file-copy" path="$PROJECT_DIR$/target/junit4copy/META-INF/MANIFEST.MF" />
      </element>
      <element id="javaee-facet-resources" facet="junit4copy/web/Web" />
    </root>
  </artifact>
</component>